[debug] ----------------------------------------------------------------------
[debug] Command:      /usr/local/bin/node /usr/local/bin/firebase deploy
[debug] CLI Version:  3.5.0
[debug] Platform:     darwin
[debug] Node Version: v4.6.0
[debug] Time:         Tue Mar 14 2017 16:16:06 GMT-0700 (PDT)
[debug] ----------------------------------------------------------------------
[debug] 
[debug] > command requires scopes: ["email","openid","https://www.googleapis.com/auth/cloudplatformprojects.readonly","https://www.googleapis.com/auth/firebase"]
[debug] > refreshing access token with scopes: ["email","https://www.googleapis.com/auth/cloudplatformprojects.readonly","https://www.googleapis.com/auth/firebase","openid"]
[debug] >>> HTTP REQUEST POST https://www.googleapis.com/oauth2/v3/token { refresh_token: '1/28p1uyMXOqnLOxgDWn6_fVBQ2g8Y-6kW2xMZ5s4OgDI',
  client_id: '563584335869-fgrhgmd47bqnekij5i8b5pr03ho849e6.apps.googleusercontent.com',
  client_secret: 'j9iVZfS8kkCEFUPaAeJV0sAi',
  grant_type: 'refresh_token',
  scope: 'email https://www.googleapis.com/auth/cloudplatformprojects.readonly https://www.googleapis.com/auth/firebase openid' } 
 Tue Mar 14 2017 16:16:06 GMT-0700 (PDT)
[debug] <<< HTTP RESPONSE 200
[debug] >>> HTTP REQUEST GET https://admin.firebase.com/v1/projects/amiibodex2  
 Tue Mar 14 2017 16:16:07 GMT-0700 (PDT)
[debug] <<< HTTP RESPONSE 200
[debug] >>> HTTP REQUEST GET https://admin.firebase.com/v1/database/amiibodex2/tokens  
 Tue Mar 14 2017 16:16:07 GMT-0700 (PDT)
[debug] <<< HTTP RESPONSE 200
[info] 
[info] === Deploying to 'amiibodex2'...
[info] 
[info] i  deploying database, hosting
[info] ✔  database: rules ready to deploy.
[info] i  hosting: preparing public directory for upload...
[debug] >>> HTTP REQUEST PUT https://deploy.firebase.com/v1/hosting/amiibodex2/uploads/-KfE5rc2KbVfravON2jc?fileCount=223&message=  
 Tue Mar 14 2017 16:16:15 GMT-0700 (PDT)
